<?xml version="1.0" encoding="UTF-8"?>
<!-- Generated by org.testng.reporters.JUnitReportReporter -->
<testsuite hostname="Sam-PC" failures="0" tests="12" name="takeaway.RestAppTest" time="268.400" errors="0" timestamp="2020-08-05T17:12:02 IST" skipped="2">
  <testcase classname="takeaway.RestAppTest" name="VerifyIfRestaurantIsListed" time="38.082"/>
  <system-out/>
  <testcase classname="takeaway.RestAppTest" name="VerifyIfRestaurantIsListed" time="58.492"/>
  <system-out/>
  <testcase classname="takeaway.RestAppTest" name="VerifyIfRestaurantsAreListed" time="17.334"/>
  <system-out/>
  <testcase classname="takeaway.RestAppTest" name="VerifyIfRestaurantsAreListed" time="34.571"/>
  <system-out/>
  <testcase classname="takeaway.RestAppTest" name="VerifyIfRestaurantsAreListed" time="20.171"/>
  <system-out/>
  <testcase classname="takeaway.RestAppTest" name="VerifyIfRestaurantsAreListed" time="30.348"/>
  <system-out/>
  <testcase classname="takeaway.RestAppTest" name="VerifyIfRestaurantsAreListed" time="16.143"/>
  <system-out/>
  <testcase classname="takeaway.RestAppTest" name="VerifyIfRestaurantsAreListed" time="20.305"/>
  <system-out/>
  <testcase classname="takeaway.RestAppTest" name="VerifyIfRestaurantsAreListed" time="17.009"/>
  <system-out/>
  <testcase classname="takeaway.RestAppTest" name="VerifyIfRestaurantsAreListed" time="15.945"/>
  <system-out/>
  <testcase classname="takeaway.RestAppTest" name="verifyOrderPlacementFlow">
    <skipped/>
  </testcase> <!-- verifyOrderPlacementFlow -->
  <system-out/>
  <testcase classname="takeaway.RestAppTest" name="verifyOrderPlacementFlow">
    <skipped/>
  </testcase> <!-- verifyOrderPlacementFlow -->
  <system-out/>
</testsuite> <!-- takeaway.RestAppTest -->
