<?xml version="1.0" encoding="UTF-8"?>
<!-- Generated by org.testng.reporters.JUnitReportReporter -->
<testsuite hostname="Sam-PC" failures="0" tests="6" name="takeaway.RestAppTest" time="65.353" errors="0" timestamp="2020-08-03T17:57:45 IST" skipped="0">
  <testcase classname="takeaway.RestAppTest" name="VerifyIfRestaurantIsListed" time="9.636"/>
  <system-out/>
  <testcase classname="takeaway.RestAppTest" name="verifyOrderPlacementFlow" time="14.901"/>
  <system-out/>
  <testcase classname="takeaway.RestAppTest" name="VerifyIfRestaurantsAreListed" time="10.815"/>
  <system-out/>
  <testcase classname="takeaway.RestAppTest" name="VerifyIfRestaurantsAreListed" time="9.982"/>
  <system-out/>
  <testcase classname="takeaway.RestAppTest" name="VerifyIfRestaurantsAreListed" time="9.828"/>
  <system-out/>
  <testcase classname="takeaway.RestAppTest" name="VerifyIfRestaurantsAreListed" time="10.191"/>
  <system-out/>
</testsuite> <!-- takeaway.RestAppTest -->
